info it worked if it ends with ok
verbose cli [ 'node', '/usr/local/bin/npm', 'install', '-g', 'sencha' ]
info using npm@1.1.0-3
info using node@v0.6.10
verbose config file /Users/eladb/.npmrc
verbose config file /usr/local/etc/npmrc
verbose config file /usr/local/lib/node_modules/npm/npmrc
verbose cache add [ 'sencha', null ]
silly cache add: name, spec, args [ undefined, 'sencha', [ 'sencha', null ] ]
verbose parsed url { pathname: 'sencha', path: 'sencha', href: 'sencha' }
verbose addNamed [ 'sencha', '' ]
verbose addNamed [ null, '' ]
silly name, range, hasData [ 'sencha', '', false ]
verbose raw, before any munging sencha
verbose url resolving [ 'https://registry.npmjs.org/', './sencha' ]
verbose url resolved https://registry.npmjs.org/sencha
http GET https://registry.npmjs.org/sencha
http 404 https://registry.npmjs.org/sencha
silly get cb [ 404,
silly get cb   { server: 'CouchDB/1.2.0 (Erlang OTP/R15B)',
silly get cb     date: 'Thu, 03 May 2012 11:08:53 GMT',
silly get cb     'content-type': 'application/json',
silly get cb     'content-length': '52',
silly get cb     'cache-control': 'must-revalidate' } ]
ERR! 404 'sencha' is not in the npm registry.
ERR! 404 You should bug the author to publish it
ERR! 404 Note that you can also install from a
ERR! 404 tarball, folder, or http url, or git url.
ERR! 
ERR! System Darwin 11.3.0
ERR! command "node" "/usr/local/bin/npm" "install" "-g" "sencha"
ERR! cwd /Users/eladb/lib/sencha-touch-2.0.1/command
ERR! node -v v0.6.10
ERR! npm -v 1.1.0-3
ERR! code E404
ERR! message 404 Not Found: sencha
ERR! errno {}
verbose exit [ 1, true ]
